\BOOKMARK [1][-]{section.1}{\376\377\000I\000n\000t\000r\000o\000d\000u\000c\000t\000i\000o\000n}{}% 1
\BOOKMARK [2][-]{subsection.1.1}{\376\377\000P\000r\000o\000j\000e\000c\000t\000\040\000P\000r\000o\000b\000l\000e\000m}{section.1}% 2
\BOOKMARK [2][-]{subsection.1.2}{\376\377\000S\000t\000a\000k\000e\000h\000o\000l\000d\000e\000r\000s}{section.1}% 3
\BOOKMARK [3][-]{subsubsection.1.2.1}{\376\377\000S\000t\000u\000d\000e\000n\000t\000s\000\040\000a\000n\000d\000\040\000t\000r\000a\000i\000n\000e\000e\000s}{subsection.1.2}% 4
\BOOKMARK [3][-]{subsubsection.1.2.2}{\376\377\000B\000u\000s\000i\000n\000e\000s\000s\000e\000s}{subsection.1.2}% 5
\BOOKMARK [2][-]{subsection.1.3}{\376\377\000R\000e\000q\000u\000i\000r\000e\000m\000e\000n\000t\000s}{section.1}% 6
\BOOKMARK [3][-]{subsubsection.1.3.1}{\376\377\000A\000i\000m\000s}{subsection.1.3}% 7
\BOOKMARK [3][-]{subsubsection.1.3.2}{\376\377\000O\000b\000j\000e\000c\000t\000i\000v\000e\000s}{subsection.1.3}% 8
\BOOKMARK [2][-]{subsection.1.4}{\376\377\000C\000o\000n\000s\000i\000d\000e\000r\000a\000t\000i\000o\000n\000s}{section.1}% 9
\BOOKMARK [3][-]{subsubsection.1.4.1}{\376\377\000L\000e\000g\000a\000l}{subsection.1.4}% 10
\BOOKMARK [3][-]{subsubsection.1.4.2}{\376\377\000E\000t\000h\000i\000c\000a\000l}{subsection.1.4}% 11
\BOOKMARK [2][-]{subsection.1.5}{\376\377\000B\000S\000c\000\040\000J\000u\000s\000t\000i\000f\000i\000c\000a\000t\000i\000o\000n}{section.1}% 12
\BOOKMARK [2][-]{subsection.1.6}{\376\377\000O\000v\000e\000r\000v\000i\000e\000w}{section.1}% 13
\BOOKMARK [1][-]{section.2}{\376\377\000T\000e\000c\000h\000n\000o\000l\000o\000g\000y\000\040\000R\000e\000v\000i\000e\000w}{}% 14
\BOOKMARK [2][-]{subsection.2.1}{\376\377\000V\000e\000r\000s\000i\000o\000n\000\040\000C\000o\000n\000t\000r\000o\000l}{section.2}% 15
\BOOKMARK [3][-]{subsubsection.2.1.1}{\376\377\000A\000p\000a\000c\000h\000e\000\040\000S\000u\000b\000v\000e\000r\000s\000i\000o\000n}{subsection.2.1}% 16
\BOOKMARK [3][-]{subsubsection.2.1.2}{\376\377\000G\000i\000t}{subsection.2.1}% 17
\BOOKMARK [2][-]{subsection.2.2}{\376\377\000D\000e\000v\000e\000l\000o\000p\000m\000e\000n\000t\000\040\000E\000n\000v\000i\000r\000o\000n\000m\000e\000n\000t}{section.2}% 18
\BOOKMARK [2][-]{subsection.2.3}{\376\377\000P\000r\000o\000g\000r\000a\000m\000m\000i\000n\000g\000\040\000L\000a\000n\000g\000u\000a\000g\000e}{section.2}% 19
\BOOKMARK [2][-]{subsection.2.4}{\376\377\000R\000e\000n\000d\000e\000r\000i\000n\000g\000\040\000A\000P\000I}{section.2}% 20
\BOOKMARK [2][-]{subsection.2.5}{\376\377\000E\000x\000t\000e\000r\000n\000a\000l\000\040\000L\000i\000b\000r\000a\000r\000i\000e\000s}{section.2}% 21
\BOOKMARK [2][-]{subsection.2.6}{\376\377\000T\000a\000s\000k\000\040\000M\000a\000n\000a\000g\000e\000m\000e\000n\000t}{section.2}% 22
\BOOKMARK [1][-]{section.3}{\376\377\000D\000e\000s\000i\000g\000n}{}% 23
\BOOKMARK [2][-]{subsection.3.1}{\376\377\000T\000o\000o\000l\000s}{section.3}% 24
\BOOKMARK [3][-]{subsubsection.3.1.1}{\376\377\000G\000i\000t\000/\000G\000i\000t\000H\000u\000b}{subsection.3.1}% 25
\BOOKMARK [3][-]{subsubsection.3.1.2}{\376\377\000G\000i\000t\000H\000u\000b\000\040\000P\000r\000o\000j\000e\000c\000t\000s}{subsection.3.1}% 26
\BOOKMARK [3][-]{subsubsection.3.1.3}{\376\377\000M\000i\000c\000r\000o\000s\000o\000f\000t\000\040\000V\000i\000s\000u\000a\000l\000\040\000S\000t\000u\000d\000i\000o\000\040\0002\0000\0002\0002}{subsection.3.1}% 27
\BOOKMARK [3][-]{subsubsection.3.1.4}{\376\377\000R\000e\000n\000d\000e\000r\000D\000o\000c}{subsection.3.1}% 28
\BOOKMARK [3][-]{subsubsection.3.1.5}{\376\377\000A\000M\000D\000\040\000R\000a\000d\000e\000o\000n\000\040\000G\000P\000U\000\040\000P\000r\000o\000f\000i\000l\000e\000r}{subsection.3.1}% 29
\BOOKMARK [3][-]{subsubsection.3.1.6}{\376\377\000C\000+\000+\000\040\0002\0003}{subsection.3.1}% 30
\BOOKMARK [3][-]{subsubsection.3.1.7}{\376\377\000V\000u\000l\000k\000a\000n}{subsection.3.1}% 31
\BOOKMARK [2][-]{subsection.3.2}{\376\377\000L\000i\000b\000r\000a\000r\000i\000e\000s}{section.3}% 32
\BOOKMARK [3][-]{subsubsection.3.2.1}{\376\377\000I\000m\000G\000u\000i\000\040\000v\0001\000.\0008\0009}{subsection.3.2}% 33
\BOOKMARK [3][-]{subsubsection.3.2.2}{\376\377\000C\000r\000y\000p\000t\000o\000+\000+\000\040\000v\0008\000.\0007}{subsection.3.2}% 34
\BOOKMARK [3][-]{subsubsection.3.2.3}{\376\377\000C\000e\000r\000e\000a\000l\000\040\000v\0001\000.\0003\000.\0002}{subsection.3.2}% 35
\BOOKMARK [3][-]{subsubsection.3.2.4}{\376\377\000S\000u\000m\000m\000a\000r\000y}{subsection.3.2}% 36
\BOOKMARK [2][-]{subsection.3.3}{\376\377\000B\000r\000a\000n\000d\000i\000n\000g}{section.3}% 37
\BOOKMARK [3][-]{subsubsection.3.3.1}{\376\377\000P\000r\000o\000j\000e\000c\000t\000\040\000N\000a\000m\000e}{subsection.3.3}% 38
\BOOKMARK [3][-]{subsubsection.3.3.2}{\376\377\000L\000o\000g\000o}{subsection.3.3}% 39
\BOOKMARK [2][-]{subsection.3.4}{\376\377\000P\000r\000o\000j\000e\000c\000t\000\040\000A\000r\000c\000h\000i\000t\000e\000c\000t\000u\000r\000e}{section.3}% 40
\BOOKMARK [3][-]{subsubsection.3.4.1}{\376\377\000D\000e\000v\000e\000l\000o\000p\000m\000e\000n\000t\000\040\000L\000i\000f\000e\000\040\000C\000y\000c\000l\000e}{subsection.3.4}% 41
\BOOKMARK [3][-]{subsubsection.3.4.2}{\376\377\000V\000e\000r\000s\000i\000o\000n\000\040\000C\000o\000n\000t\000r\000o\000l}{subsection.3.4}% 42
\BOOKMARK [3][-]{subsubsection.3.4.3}{\376\377\000S\000o\000u\000r\000c\000e\000\040\000C\000o\000d\000e}{subsection.3.4}% 43
\BOOKMARK [3][-]{subsubsection.3.4.4}{\376\377\000A\000r\000c\000h\000i\000t\000e\000c\000t\000u\000r\000e}{subsection.3.4}% 44
\BOOKMARK [3][-]{subsubsection.3.4.5}{\376\377\000P\000l\000a\000t\000f\000o\000r\000m\000\040\000A\000r\000c\000h\000i\000t\000e\000c\000t\000u\000r\000e}{subsection.3.4}% 45
\BOOKMARK [3][-]{subsubsection.3.4.6}{\376\377\000R\000e\000n\000d\000e\000r\000e\000r\000\040\000A\000r\000c\000h\000i\000t\000e\000c\000t\000u\000r\000e}{subsection.3.4}% 46
\BOOKMARK [2][-]{subsection.3.5}{\376\377\000U\000s\000e\000r\000\040\000I\000n\000t\000e\000r\000f\000a\000c\000e}{section.3}% 47
\BOOKMARK [3][-]{subsubsection.3.5.1}{\376\377\000M\000a\000i\000n\000\040\000V\000i\000e\000w\000p\000o\000r\000t}{subsection.3.5}% 48
\BOOKMARK [3][-]{subsubsection.3.5.2}{\376\377\000G\000l\000o\000b\000a\000l\000\040\000P\000a\000n\000e\000l}{subsection.3.5}% 49
\BOOKMARK [3][-]{subsubsection.3.5.3}{\376\377\000M\000o\000d\000e\000l\000/\000E\000n\000t\000i\000t\000y\000\040\000P\000a\000n\000e\000l}{subsection.3.5}% 50
\BOOKMARK [3][-]{subsubsection.3.5.4}{\376\377\000L\000o\000g\000s\000\040\000P\000a\000n\000e\000l}{subsection.3.5}% 51
\BOOKMARK [2][-]{subsection.3.6}{\376\377\000C\000u\000s\000t\000o\000m\000\040\000F\000i\000l\000e\000\040\000F\000o\000r\000m\000a\000t\000\040\000a\000n\000d\000\040\000E\000n\000c\000r\000y\000p\000t\000i\000o\000n}{section.3}% 52
\BOOKMARK [3][-]{subsubsection.3.6.1}{\376\377\000F\000i\000l\000e\000\040\000f\000o\000r\000m\000a\000t}{subsection.3.6}% 53
\BOOKMARK [3][-]{subsubsection.3.6.2}{\376\377\000E\000n\000c\000r\000y\000p\000t\000i\000o\000n\000\040\000a\000n\000d\000\040\000D\000e\000c\000r\000y\000p\000t\000i\000o\000n}{subsection.3.6}% 54
\BOOKMARK [1][-]{section.4}{\376\377\000I\000m\000p\000l\000e\000m\000e\000n\000t\000a\000t\000i\000o\000n}{}% 55
\BOOKMARK [2][-]{subsection.4.1}{\376\377\000O\000v\000e\000r\000v\000i\000e\000w}{section.4}% 56
\BOOKMARK [2][-]{subsection.4.2}{\376\377\000W\000i\000n\000d\000o\000w\000\040\000S\000y\000s\000t\000e\000m}{section.4}% 57
\BOOKMARK [2][-]{subsection.4.3}{\376\377\000R\000e\000n\000d\000e\000r\000i\000n\000g\000\040\000S\000y\000s\000t\000e\000m}{section.4}% 58
\BOOKMARK [3][-]{subsubsection.4.3.1}{\376\377\000R\000e\000n\000d\000e\000r\000e\000r\000\040\000C\000o\000n\000t\000e\000x\000t}{subsection.4.3}% 59
\BOOKMARK [3][-]{subsubsection.4.3.2}{\376\377\000S\000w\000a\000p\000c\000h\000a\000i\000n}{subsection.4.3}% 60
\BOOKMARK [3][-]{subsubsection.4.3.3}{\376\377\000F\000r\000a\000m\000e\000\040\000s\000y\000n\000c\000h\000r\000o\000n\000i\000s\000a\000t\000i\000o\000n}{subsection.4.3}% 61
\BOOKMARK [3][-]{subsubsection.4.3.4}{\376\377\000D\000e\000f\000e\000r\000r\000e\000d\000\040\000R\000e\000n\000d\000e\000r\000i\000n\000g\000\040\000P\000i\000p\000e\000l\000i\000n\000e}{subsection.4.3}% 62
\BOOKMARK [3][-]{subsubsection.4.3.5}{\376\377\000D\000y\000n\000a\000m\000i\000c\000\040\000U\000n\000i\000f\000o\000r\000m\000\040\000B\000u\000f\000f\000e\000r\000s}{subsection.4.3}% 63
\BOOKMARK [3][-]{subsubsection.4.3.6}{\376\377\000T\000e\000x\000t\000u\000r\000e\000\040\000M\000i\000p\000m\000a\000p\000p\000i\000n\000g}{subsection.4.3}% 64
\BOOKMARK [3][-]{subsubsection.4.3.7}{\376\377\000M\000o\000d\000e\000l\000s}{subsection.4.3}% 65
\BOOKMARK [3][-]{subsubsection.4.3.8}{\376\377\000E\000n\000t\000i\000t\000i\000e\000s}{subsection.4.3}% 66
\BOOKMARK [3][-]{subsubsection.4.3.9}{\376\377\000C\000a\000m\000e\000r\000a}{subsection.4.3}% 67
\BOOKMARK [3][-]{subsubsection.4.3.10}{\376\377\000L\000i\000g\000h\000t\000i\000n\000g}{subsection.4.3}% 68
\BOOKMARK [2][-]{subsection.4.4}{\376\377\000U\000s\000e\000r\000\040\000I\000n\000t\000e\000r\000f\000a\000c\000e}{section.4}% 69
\BOOKMARK [3][-]{subsubsection.4.4.1}{\376\377\000C\000o\000n\000t\000r\000o\000l\000s}{subsection.4.4}% 70
\BOOKMARK [3][-]{subsubsection.4.4.2}{\376\377\000F\000o\000n\000t\000s\000\040\000a\000n\000d\000\040\000I\000c\000o\000n\000s}{subsection.4.4}% 71
\BOOKMARK [3][-]{subsubsection.4.4.3}{\376\377\000M\000e\000n\000u\000\040\000B\000a\000r}{subsection.4.4}% 72
\BOOKMARK [3][-]{subsubsection.4.4.4}{\376\377\000S\000e\000t\000t\000i\000n\000g\000s\000\040\000W\000i\000n\000d\000o\000w}{subsection.4.4}% 73
\BOOKMARK [3][-]{subsubsection.4.4.5}{\376\377\000L\000o\000a\000d\000\040\000M\000o\000d\000e\000l\000\040\000W\000i\000n\000d\000o\000w}{subsection.4.4}% 74
\BOOKMARK [3][-]{subsubsection.4.4.6}{\376\377\000E\000x\000p\000o\000r\000t\000\040\000M\000o\000d\000e\000l\000\040\000W\000i\000n\000d\000o\000w}{subsection.4.4}% 75
\BOOKMARK [3][-]{subsubsection.4.4.7}{\376\377\000G\000l\000o\000b\000a\000l\000\040\000P\000a\000n\000e\000l}{subsection.4.4}% 76
\BOOKMARK [3][-]{subsubsection.4.4.8}{\376\377\000E\000n\000t\000i\000t\000y\000\040\000P\000a\000n\000e\000l}{subsection.4.4}% 77
\BOOKMARK [3][-]{subsubsection.4.4.9}{\376\377\000O\000b\000j\000e\000c\000t\000\040\000g\000i\000z\000m\000o}{subsection.4.4}% 78
\BOOKMARK [2][-]{subsection.4.5}{\376\377\000L\000o\000g\000g\000i\000n\000g\000\040\000S\000y\000s\000t\000e\000m}{section.4}% 79
\BOOKMARK [2][-]{subsection.4.6}{\376\377\000E\000n\000c\000r\000y\000p\000t\000i\000o\000n\000\040\000a\000n\000d\000\040\000C\000u\000s\000t\000o\000m\000\040\000M\000o\000d\000e\000l\000\040\000F\000o\000r\000m\000a\000t}{section.4}% 80
\BOOKMARK [3][-]{subsubsection.4.6.1}{\376\377\000D\000e\000c\000r\000y\000p\000t\000i\000o\000n\000\040\000v\000a\000l\000i\000d\000a\000t\000i\000o\000n}{subsection.4.6}% 81
\BOOKMARK [2][-]{subsection.4.7}{\376\377\000D\000i\000s\000t\000r\000i\000b\000u\000t\000i\000o\000n}{section.4}% 82
\BOOKMARK [3][-]{subsubsection.4.7.1}{\376\377\000E\000x\000e\000c\000u\000t\000a\000b\000l\000e}{subsection.4.7}% 83
\BOOKMARK [3][-]{subsubsection.4.7.2}{\376\377\000V\000e\000r\000s\000i\000o\000n\000s}{subsection.4.7}% 84
\BOOKMARK [3][-]{subsubsection.4.7.3}{\376\377\000W\000e\000b\000s\000i\000t\000e}{subsection.4.7}% 85
\BOOKMARK [3][-]{subsubsection.4.7.4}{\376\377\000E\000x\000a\000m\000p\000l\000e\000\040\000m\000o\000d\000e\000l\000s}{subsection.4.7}% 86
\BOOKMARK [3][-]{subsubsection.4.7.5}{\376\377\000D\000o\000c\000u\000m\000e\000n\000t\000a\000t\000i\000o\000n}{subsection.4.7}% 87
\BOOKMARK [2][-]{subsection.4.8}{\376\377\000E\000v\000a\000l\000u\000a\000t\000i\000o\000n}{section.4}% 88
\BOOKMARK [3][-]{subsubsection.4.8.1}{\376\377\000D\000i\000s\000t\000r\000i\000b\000u\000t\000i\000o\000n}{subsection.4.8}% 89
\BOOKMARK [3][-]{subsubsection.4.8.2}{\376\377\000T\000i\000m\000e\000\040\000M\000a\000n\000a\000g\000e\000m\000e\000n\000t}{subsection.4.8}% 90
\BOOKMARK [3][-]{subsubsection.4.8.3}{\376\377\000P\000e\000r\000f\000o\000r\000m\000a\000n\000c\000e}{subsection.4.8}% 91
\BOOKMARK [3][-]{subsubsection.4.8.4}{\376\377\000U\000s\000e\000r\000\040\000F\000e\000e\000d\000b\000a\000c\000k}{subsection.4.8}% 92
\BOOKMARK [1][-]{section.5}{\376\377\000C\000o\000n\000c\000l\000u\000s\000i\000o\000n}{}% 93
\BOOKMARK [2][-]{subsection.5.1}{\376\377\000R\000e\000f\000l\000e\000c\000t\000i\000o\000n}{section.5}% 94
\BOOKMARK [3][-]{subsubsection.5.1.1}{\376\377\000V\000M\000V\000E\000\040\000M\000o\000d\000e\000l\000\040\000L\000o\000a\000d\000i\000n\000g}{subsection.5.1}% 95
\BOOKMARK [3][-]{subsubsection.5.1.2}{\376\377\000D\000e\000s\000i\000g\000n}{subsection.5.1}% 96
\BOOKMARK [3][-]{subsubsection.5.1.3}{\376\377\000T\000i\000m\000e\000\040\000M\000a\000n\000a\000g\000e\000m\000e\000n\000t}{subsection.5.1}% 97
\BOOKMARK [3][-]{subsubsection.5.1.4}{\376\377\000A\000l\000t\000e\000r\000n\000a\000t\000i\000v\000e\000\040\000R\000e\000n\000d\000e\000r\000i\000n\000g\000\040\000A\000P\000I}{subsection.5.1}% 98
\BOOKMARK [2][-]{subsection.5.2}{\376\377\000F\000u\000t\000u\000r\000e\000\040\000W\000o\000r\000k}{section.5}% 99
\BOOKMARK [1][-]{section.6}{\376\377\000R\000e\000f\000e\000r\000e\000n\000c\000e\000s}{}% 100
\BOOKMARK [1][-]{section.7}{\376\377\000A\000p\000p\000e\000n\000d\000i\000c\000e\000s}{}% 101
\BOOKMARK [2][-]{subsection.7.1}{\376\377\000S\000u\000p\000p\000o\000r\000t\000i\000n\000g\000\040\000D\000o\000c\000u\000m\000e\000n\000t\000s}{section.7}% 102
\BOOKMARK [2][-]{subsection.7.2}{\376\377\000P\000r\000o\000j\000e\000c\000t\000\040\000P\000r\000o\000p\000o\000s\000a\000l\000\040\000S\000i\000g\000n\000-\000O\000f\000f}{section.7}% 103
\BOOKMARK [2][-]{subsection.7.3}{\376\377\000V\000e\000r\000s\000i\000o\000n\000\040\000C\000o\000n\000t\000r\000o\000l}{section.7}% 104
\BOOKMARK [2][-]{subsection.7.4}{\376\377\000G\000i\000t\000H\000u\000b}{section.7}% 105
\BOOKMARK [2][-]{subsection.7.5}{\376\377\000D\000e\000v\000e\000l\000o\000p\000m\000e\000n\000t\000\040\000L\000o\000g\000s}{section.7}% 106
\BOOKMARK [2][-]{subsection.7.6}{\376\377\000C\000a\000m\000e\000r\000a\000\040\000T\000r\000a\000n\000s\000f\000o\000r\000m\000a\000t\000i\000o\000n}{section.7}% 107
\BOOKMARK [2][-]{subsection.7.7}{\376\377\000D\000e\000t\000a\000i\000l\000e\000d\000\040\000F\000u\000t\000u\000r\000e\000\040\000W\000o\000r\000k}{section.7}% 108
